# JRE version: OpenJDK Runtime Environment Temurin-17.0.5+8 (17.0.5+8) (build 17.0.5+8)
# Java VM: OpenJDK 64-Bit Server VM Temurin-17.0.5+8 (17.0.5+8, mixed mode, tiered, compressed oops, compressed class ptrs, g1 gc, windows-amd64)
GC Precious Log:
 CPUs: 12 total, 12 available
 Memory: 16253M
 Large Page Support: Disabled
 NUMA Support: Disabled
 Compressed Oops: Enabled (Zero based)
 Heap Region Size: 2M
 Heap Min Capacity: 8M
 Heap Initial Capacity: 254M
 Heap Max Capacity: 4064M
 Pre-touch: Disabled
 Parallel Workers: 10
 Concurrent Workers: 3
 Concurrent Refinement Workers: 10
 Periodic GC: Disabled
Heap:
 garbage-first heap   total 75776K, used 26489K [0x0000000702000000, 0x0000000800000000)
  region size 2048K, 6 young (12288K), 2 survivors (4096K)
 Metaspace       used 44610K, committed 45056K, reserved 1089536K
  class space    used 5681K, committed 5888K, reserved 1048576K
GC Heap History (16 events):
Event: 0.853 GC heap before
{Heap before GC invocations=0 (full 0):
 garbage-first heap   total 260096K, used 20480K [0x0000000702000000, 0x0000000800000000)
  region size 2048K, 11 young (22528K), 0 survivors (0K)
 Metaspace       used 12525K, committed 12672K, reserved 1064960K
  class space    used 1372K, committed 1408K, reserved 1048576K
}
Event: 0.857 GC heap after
{Heap after GC invocations=1 (full 0):
 garbage-first heap   total 260096K, used 6544K [0x0000000702000000, 0x0000000800000000)
  region size 2048K, 2 young (4096K), 2 survivors (4096K)
 Metaspace       used 12525K, committed 12672K, reserved 1064960K
  class space    used 1372K, committed 1408K, reserved 1048576K
}
Event: 1.210 GC heap before
{Heap before GC invocations=1 (full 0):
 garbage-first heap   total 260096K, used 29072K [0x0000000702000000, 0x0000000800000000)
  region size 2048K, 14 young (28672K), 2 survivors (4096K)
 Metaspace       used 19610K, committed 19840K, reserved 1073152K
  class space    used 2246K, committed 2368K, reserved 1048576K
}
Event: 1.227 GC heap after
{Heap after GC invocations=2 (full 0):
 garbage-first heap   total 260096K, used 8548K [0x0000000702000000, 0x0000000800000000)
  region size 2048K, 2 young (4096K), 2 survivors (4096K)
 Metaspace       used 19610K, committed 19840K, reserved 1073152K
  class space    used 2246K, committed 2368K, reserved 1048576K
}
Event: 1.279 GC heap before
{Heap before GC invocations=2 (full 0):
 garbage-first heap   total 260096K, used 14692K [0x0000000702000000, 0x0000000800000000)
  region size 2048K, 6 young (12288K), 2 survivors (4096K)
 Metaspace       used 21261K, committed 21504K, reserved 1073152K
  class space    used 2460K, committed 2560K, reserved 1048576K
}
Event: 1.281 GC heap after
{Heap after GC invocations=3 (full 0):
 garbage-first heap   total 260096K, used 8688K [0x0000000702000000, 0x0000000800000000)
  region size 2048K, 2 young (4096K), 2 survivors (4096K)
 Metaspace       used 21261K, committed 21504K, reserved 1073152K
  class space    used 2460K, committed 2560K, reserved 1048576K
}
Event: 1.679 GC heap before
{Heap before GC invocations=4 (full 0):
 garbage-first heap   total 49152K, used 33264K [0x0000000702000000, 0x0000000800000000)
  region size 2048K, 14 young (28672K), 2 survivors (4096K)
 Metaspace       used 24777K, committed 24960K, reserved 1073152K
  class space    used 2906K, committed 3008K, reserved 1048576K
}
Event: 1.685 GC heap after
{Heap after GC invocations=5 (full 0):
 garbage-first heap   total 49152K, used 11102K [0x0000000702000000, 0x0000000800000000)
  region size 2048K, 2 young (4096K), 2 survivors (4096K)
 Metaspace       used 24777K, committed 24960K, reserved 1073152K
  class space    used 2906K, committed 3008K, reserved 1048576K
}
Event: 1.724 GC heap before
{Heap before GC invocations=5 (full 0):
 garbage-first heap   total 49152K, used 13150K [0x0000000702000000, 0x0000000800000000)
  region size 2048K, 3 young (6144K), 2 survivors (4096K)
 Metaspace       used 25042K, committed 25344K, reserved 1073152K
  class space    used 2936K, committed 3072K, reserved 1048576K
}
Event: 1.727 GC heap after
{Heap after GC invocations=6 (full 0):
 garbage-first heap   total 49152K, used 11452K [0x0000000702000000, 0x0000000800000000)
  region size 2048K, 1 young (2048K), 1 survivors (2048K)
 Metaspace       used 25042K, committed 25344K, reserved 1073152K
  class space    used 2936K, committed 3072K, reserved 1048576K
}
Event: 2.077 GC heap before
{Heap before GC invocations=6 (full 0):
 garbage-first heap   total 49152K, used 29884K [0x0000000702000000, 0x0000000800000000)
  region size 2048K, 10 young (20480K), 1 survivors (2048K)
 Metaspace       used 26644K, committed 26880K, reserved 1073152K
  class space    used 3136K, committed 3264K, reserved 1048576K
}
Event: 2.130 GC heap after
{Heap after GC invocations=7 (full 0):
 garbage-first heap   total 155648K, used 12609K [0x0000000702000000, 0x0000000800000000)
  region size 2048K, 1 young (2048K), 1 survivors (2048K)
 Metaspace       used 26644K, committed 26880K, reserved 1073152K
  class space    used 3136K, committed 3264K, reserved 1048576K
}
Event: 3.422 GC heap before
{Heap before GC invocations=7 (full 0):
 garbage-first heap   total 155648K, used 63809K [0x0000000702000000, 0x0000000800000000)
  region size 2048K, 27 young (55296K), 1 survivors (2048K)
 Metaspace       used 35822K, committed 36160K, reserved 1081344K
  class space    used 4421K, committed 4608K, reserved 1048576K
}
Event: 3.434 GC heap after
{Heap after GC invocations=8 (full 0):
 garbage-first heap   total 155648K, used 18018K [0x0000000702000000, 0x0000000800000000)
  region size 2048K, 4 young (8192K), 4 survivors (8192K)
 Metaspace       used 35822K, committed 36160K, reserved 1081344K
  class space    used 4421K, committed 4608K, reserved 1048576K
}
Event: 4.285 GC heap before
{Heap before GC invocations=9 (full 0):
 garbage-first heap   total 75776K, used 54882K [0x0000000702000000, 0x0000000800000000)
  region size 2048K, 22 young (45056K), 4 survivors (8192K)
 Metaspace       used 42476K, committed 42944K, reserved 1089536K
  class space    used 5462K, committed 5696K, reserved 1048576K
}
Event: 4.291 GC heap after
{Heap after GC invocations=10 (full 0):
 garbage-first heap   total 75776K, used 20345K [0x0000000702000000, 0x0000000800000000)
  region size 2048K, 2 young (4096K), 2 survivors (4096K)
 Metaspace       used 42476K, committed 42944K, reserved 1089536K
  class space    used 5462K, committed 5696K, reserved 1048576K
}

